12-04-2024 00:25:24 INFO  Hooks:15 - *****************************************************************************************
12-04-2024 00:25:24 INFO  Hooks:16 - 	Scenario: To verify API call is successful and returns valid price
12-04-2024 00:25:24 INFO  Hooks:17 - *****************************************************************************************
12-04-2024 00:25:28 INFO  Hooks:15 - *****************************************************************************************
12-04-2024 00:25:28 INFO  Hooks:16 - 	Scenario: To Check the status code and status returned by the API response
12-04-2024 00:25:28 INFO  Hooks:17 - *****************************************************************************************
12-04-2024 00:25:28 INFO  Hooks:15 - *****************************************************************************************
12-04-2024 00:25:28 INFO  Hooks:16 - 	Scenario: To verify the USD price against the AED
12-04-2024 00:25:28 INFO  Hooks:17 - *****************************************************************************************
12-04-2024 00:25:29 INFO  Hooks:15 - *****************************************************************************************
12-04-2024 00:25:29 INFO  Hooks:16 - 	Scenario: To verify API response time is not less than 3 seconds
12-04-2024 00:25:29 INFO  Hooks:17 - *****************************************************************************************
12-04-2024 00:25:29 INFO  MultiCurrencyConversionStepDefinition:60 - time_last_update_utc : Thu, 11 Apr 2024 00:02:31 +0000
12-04-2024 00:25:29 INFO  MultiCurrencyConversionStepDefinition:61 - time_next_update_utc : Fri, 12 Apr 2024 00:27:41 +0000
12-04-2024 00:25:29 INFO  Hooks:15 - *****************************************************************************************
12-04-2024 00:25:29 INFO  Hooks:16 - 	Scenario: To verify that 162 currency pairs are returned by the API
12-04-2024 00:25:29 INFO  Hooks:17 - *****************************************************************************************
12-04-2024 00:25:29 INFO  Hooks:15 - *****************************************************************************************
12-04-2024 00:25:29 INFO  Hooks:16 - 	Scenario: To verify API response matches the Json schema
12-04-2024 00:25:29 INFO  Hooks:17 - *****************************************************************************************
12-04-2024 00:25:30 INFO  MultiCurrencyConversionStepDefinition:81 - Successfully Validated schema from multiCurrencySchema.json
12-04-2024 09:46:38 INFO  Hooks:15 - *****************************************************************************************
12-04-2024 09:46:38 INFO  Hooks:16 - 	Scenario: To verify API call is successful and returns valid price
12-04-2024 09:46:38 INFO  Hooks:17 - *****************************************************************************************
12-04-2024 09:46:41 INFO  Hooks:15 - *****************************************************************************************
12-04-2024 09:46:41 INFO  Hooks:16 - 	Scenario: To Check the status code and status returned by the API response
12-04-2024 09:46:41 INFO  Hooks:17 - *****************************************************************************************
12-04-2024 09:46:41 INFO  Hooks:15 - *****************************************************************************************
12-04-2024 09:46:41 INFO  Hooks:16 - 	Scenario: To verify the USD price against the AED
12-04-2024 09:46:41 INFO  Hooks:17 - *****************************************************************************************
12-04-2024 09:46:42 INFO  Hooks:15 - *****************************************************************************************
12-04-2024 09:46:42 INFO  Hooks:16 - 	Scenario: To verify API response time is not less than 3 seconds
12-04-2024 09:46:42 INFO  Hooks:17 - *****************************************************************************************
12-04-2024 09:46:42 INFO  MultiCurrencyConversionStepDefinition:60 - time_last_update_utc : Fri, 12 Apr 2024 00:02:31 +0000
12-04-2024 09:46:42 INFO  MultiCurrencyConversionStepDefinition:61 - time_next_update_utc : Sat, 13 Apr 2024 00:09:01 +0000
12-04-2024 09:46:42 INFO  Hooks:15 - *****************************************************************************************
12-04-2024 09:46:42 INFO  Hooks:16 - 	Scenario: To verify that 162 currency pairs are returned by the API
12-04-2024 09:46:42 INFO  Hooks:17 - *****************************************************************************************
12-04-2024 09:46:42 INFO  Hooks:15 - *****************************************************************************************
12-04-2024 09:46:42 INFO  Hooks:16 - 	Scenario: To verify API response matches the Json schema
12-04-2024 09:46:42 INFO  Hooks:17 - *****************************************************************************************
12-04-2024 09:46:43 INFO  MultiCurrencyConversionStepDefinition:81 - Successfully Validated schema from multiCurrencySchema.json
12-04-2024 10:13:33 INFO  Hooks:15 - *****************************************************************************************
12-04-2024 10:13:33 INFO  Hooks:16 - 	Scenario: To verify API call is successful and returns valid price
12-04-2024 10:13:33 INFO  Hooks:17 - *****************************************************************************************
12-04-2024 10:13:36 INFO  Hooks:15 - *****************************************************************************************
12-04-2024 10:13:36 INFO  Hooks:16 - 	Scenario: To Check the status code and status returned by the API response
12-04-2024 10:13:36 INFO  Hooks:17 - *****************************************************************************************
12-04-2024 10:13:36 INFO  Hooks:15 - *****************************************************************************************
12-04-2024 10:13:36 INFO  Hooks:16 - 	Scenario: To verify the USD price against the AED
12-04-2024 10:13:36 INFO  Hooks:17 - *****************************************************************************************
12-04-2024 10:13:37 INFO  Hooks:15 - *****************************************************************************************
12-04-2024 10:13:37 INFO  Hooks:16 - 	Scenario: To verify API response time is not less than 3 seconds
12-04-2024 10:13:37 INFO  Hooks:17 - *****************************************************************************************
12-04-2024 10:13:37 INFO  MultiCurrencyConversionStepDefinition:60 - time_last_update_utc : Fri, 12 Apr 2024 00:02:31 +0000
12-04-2024 10:13:37 INFO  MultiCurrencyConversionStepDefinition:61 - time_next_update_utc : Sat, 13 Apr 2024 00:09:01 +0000
12-04-2024 10:13:37 INFO  Hooks:15 - *****************************************************************************************
12-04-2024 10:13:37 INFO  Hooks:16 - 	Scenario: To verify that 162 currency pairs are returned by the API
12-04-2024 10:13:37 INFO  Hooks:17 - *****************************************************************************************
12-04-2024 10:13:37 INFO  Hooks:15 - *****************************************************************************************
12-04-2024 10:13:37 INFO  Hooks:16 - 	Scenario: To verify API response matches the Json schema
12-04-2024 10:13:37 INFO  Hooks:17 - *****************************************************************************************
12-04-2024 10:13:38 INFO  MultiCurrencyConversionStepDefinition:81 - Successfully Validated schema from multiCurrencySchema.json
12-04-2024 11:32:01 INFO  Hooks:15 - *****************************************************************************************
12-04-2024 11:32:01 INFO  Hooks:16 - 	Scenario: To verify API call is successful and returns valid price
12-04-2024 11:32:01 INFO  Hooks:17 - *****************************************************************************************
12-04-2024 11:32:03 INFO  Hooks:15 - *****************************************************************************************
12-04-2024 11:32:03 INFO  Hooks:16 - 	Scenario: To Check the status code and status returned by the API response
12-04-2024 11:32:03 INFO  Hooks:17 - *****************************************************************************************
12-04-2024 11:32:03 INFO  Hooks:15 - *****************************************************************************************
12-04-2024 11:32:03 INFO  Hooks:16 - 	Scenario: To verify the USD price against the AED
12-04-2024 11:32:03 INFO  Hooks:17 - *****************************************************************************************
12-04-2024 11:32:03 INFO  Hooks:15 - *****************************************************************************************
12-04-2024 11:32:03 INFO  Hooks:16 - 	Scenario: To verify API response time is not less than 3 seconds
12-04-2024 11:32:03 INFO  Hooks:17 - *****************************************************************************************
12-04-2024 11:32:04 INFO  MultiCurrencyConversionStepDefinition:60 - time_last_update_utc : Fri, 12 Apr 2024 00:02:31 +0000
12-04-2024 11:32:04 INFO  MultiCurrencyConversionStepDefinition:61 - time_next_update_utc : Sat, 13 Apr 2024 00:11:41 +0000
12-04-2024 11:32:04 INFO  Hooks:15 - *****************************************************************************************
12-04-2024 11:32:04 INFO  Hooks:16 - 	Scenario: To verify that 162 currency pairs are returned by the API
12-04-2024 11:32:04 INFO  Hooks:17 - *****************************************************************************************
12-04-2024 11:32:04 INFO  Hooks:15 - *****************************************************************************************
12-04-2024 11:32:04 INFO  Hooks:16 - 	Scenario: To verify API response matches the Json schema
12-04-2024 11:32:04 INFO  Hooks:17 - *****************************************************************************************
12-04-2024 11:32:05 INFO  MultiCurrencyConversionStepDefinition:81 - Successfully Validated schema from multiCurrencySchema.json
12-04-2024 11:37:31 INFO  Hooks:15 - *****************************************************************************************
12-04-2024 11:37:31 INFO  Hooks:16 - 	Scenario: To verify API call is successful and returns valid price
12-04-2024 11:37:31 INFO  Hooks:17 - *****************************************************************************************
12-04-2024 11:37:32 INFO  Hooks:15 - *****************************************************************************************
12-04-2024 11:37:32 INFO  Hooks:16 - 	Scenario: To verify API call is successful and returns valid price
12-04-2024 11:37:32 INFO  Hooks:17 - *****************************************************************************************
12-04-2024 11:37:35 INFO  Hooks:15 - *****************************************************************************************
12-04-2024 11:37:35 INFO  Hooks:16 - 	Scenario: To Check the status code and status returned by the API response
12-04-2024 11:37:35 INFO  Hooks:17 - *****************************************************************************************
12-04-2024 11:37:36 INFO  Hooks:15 - *****************************************************************************************
12-04-2024 11:37:36 INFO  Hooks:16 - 	Scenario: To verify the USD price against the AED
12-04-2024 11:37:36 INFO  Hooks:17 - *****************************************************************************************
12-04-2024 11:37:36 INFO  Hooks:15 - *****************************************************************************************
12-04-2024 11:37:36 INFO  Hooks:16 - 	Scenario: To verify API response time is not less than 3 seconds
12-04-2024 11:37:36 INFO  Hooks:17 - *****************************************************************************************
12-04-2024 11:37:36 INFO  MultiCurrencyConversionStepDefinition:60 - time_last_update_utc : Fri, 12 Apr 2024 00:02:31 +0000
12-04-2024 11:37:36 INFO  MultiCurrencyConversionStepDefinition:61 - time_next_update_utc : Sat, 13 Apr 2024 00:11:41 +0000
12-04-2024 11:37:36 INFO  Hooks:15 - *****************************************************************************************
12-04-2024 11:37:36 INFO  Hooks:16 - 	Scenario: To verify that 162 currency pairs are returned by the API
12-04-2024 11:37:36 INFO  Hooks:17 - *****************************************************************************************
12-04-2024 11:37:36 INFO  Hooks:15 - *****************************************************************************************
12-04-2024 11:37:36 INFO  Hooks:16 - 	Scenario: To verify API response matches the Json schema
12-04-2024 11:37:36 INFO  Hooks:17 - *****************************************************************************************
12-04-2024 11:37:37 INFO  MultiCurrencyConversionStepDefinition:81 - Successfully Validated schema from multiCurrencySchema.json
12-04-2024 11:46:21 INFO  Hooks:15 - *****************************************************************************************
12-04-2024 11:46:21 INFO  Hooks:16 - 	Scenario: To verify API call is successful and returns valid price
12-04-2024 11:46:21 INFO  Hooks:17 - *****************************************************************************************
12-04-2024 11:46:25 INFO  Hooks:15 - *****************************************************************************************
12-04-2024 11:46:25 INFO  Hooks:16 - 	Scenario: To Check the status code and status returned by the API response
12-04-2024 11:46:25 INFO  Hooks:17 - *****************************************************************************************
12-04-2024 11:46:25 INFO  Hooks:15 - *****************************************************************************************
12-04-2024 11:46:25 INFO  Hooks:16 - 	Scenario: To verify the USD price against the AED
12-04-2024 11:46:25 INFO  Hooks:17 - *****************************************************************************************
12-04-2024 11:46:25 INFO  Hooks:15 - *****************************************************************************************
12-04-2024 11:46:25 INFO  Hooks:16 - 	Scenario: To verify API response time is not less than 3 seconds
12-04-2024 11:46:25 INFO  Hooks:17 - *****************************************************************************************
12-04-2024 11:46:25 INFO  MultiCurrencyConversionStepDefinition:60 - time_last_update_utc : Fri, 12 Apr 2024 00:02:31 +0000
12-04-2024 11:46:25 INFO  MultiCurrencyConversionStepDefinition:61 - time_next_update_utc : Sat, 13 Apr 2024 00:11:41 +0000
12-04-2024 11:46:26 INFO  Hooks:15 - *****************************************************************************************
12-04-2024 11:46:26 INFO  Hooks:16 - 	Scenario: To verify that 162 currency pairs are returned by the API
12-04-2024 11:46:26 INFO  Hooks:17 - *****************************************************************************************
12-04-2024 11:46:26 INFO  Hooks:15 - *****************************************************************************************
12-04-2024 11:46:26 INFO  Hooks:16 - 	Scenario: To verify API response matches the Json schema
12-04-2024 11:46:26 INFO  Hooks:17 - *****************************************************************************************
12-04-2024 11:46:27 INFO  MultiCurrencyConversionStepDefinition:81 - Successfully Validated schema from multiCurrencySchema.json
12-04-2024 11:46:50 INFO  Hooks:15 - *****************************************************************************************
12-04-2024 11:46:50 INFO  Hooks:16 - 	Scenario: To verify API call is successful and returns valid price
12-04-2024 11:46:50 INFO  Hooks:17 - *****************************************************************************************
12-04-2024 11:46:53 INFO  Hooks:15 - *****************************************************************************************
12-04-2024 11:46:53 INFO  Hooks:16 - 	Scenario: To Check the status code and status returned by the API response
12-04-2024 11:46:53 INFO  Hooks:17 - *****************************************************************************************
12-04-2024 11:46:53 INFO  Hooks:15 - *****************************************************************************************
12-04-2024 11:46:53 INFO  Hooks:16 - 	Scenario: To verify the USD price against the AED
12-04-2024 11:46:53 INFO  Hooks:17 - *****************************************************************************************
12-04-2024 11:46:53 INFO  Hooks:15 - *****************************************************************************************
12-04-2024 11:46:53 INFO  Hooks:16 - 	Scenario: To verify API response time is not less than 3 seconds
12-04-2024 11:46:53 INFO  Hooks:17 - *****************************************************************************************
12-04-2024 11:46:54 INFO  MultiCurrencyConversionStepDefinition:60 - time_last_update_utc : Fri, 12 Apr 2024 00:02:31 +0000
12-04-2024 11:46:54 INFO  MultiCurrencyConversionStepDefinition:61 - time_next_update_utc : Sat, 13 Apr 2024 00:11:41 +0000
12-04-2024 11:46:54 INFO  Hooks:15 - *****************************************************************************************
12-04-2024 11:46:54 INFO  Hooks:16 - 	Scenario: To verify that 162 currency pairs are returned by the API
12-04-2024 11:46:54 INFO  Hooks:17 - *****************************************************************************************
12-04-2024 11:46:54 INFO  Hooks:15 - *****************************************************************************************
12-04-2024 11:46:54 INFO  Hooks:16 - 	Scenario: To verify API response matches the Json schema
12-04-2024 11:46:54 INFO  Hooks:17 - *****************************************************************************************
12-04-2024 11:46:55 INFO  MultiCurrencyConversionStepDefinition:81 - Successfully Validated schema from multiCurrencySchema.json
12-04-2024 11:49:15 INFO  Hooks:15 - *****************************************************************************************
12-04-2024 11:49:15 INFO  Hooks:16 - 	Scenario: To verify API call is successful and returns valid price
12-04-2024 11:49:15 INFO  Hooks:17 - *****************************************************************************************
12-04-2024 11:49:20 INFO  Hooks:15 - *****************************************************************************************
12-04-2024 11:49:20 INFO  Hooks:16 - 	Scenario: To Check the status code and status returned by the API response
12-04-2024 11:49:20 INFO  Hooks:17 - *****************************************************************************************
12-04-2024 11:49:21 INFO  Hooks:15 - *****************************************************************************************
12-04-2024 11:49:21 INFO  Hooks:16 - 	Scenario: To verify the USD price against the AED
12-04-2024 11:49:21 INFO  Hooks:17 - *****************************************************************************************
12-04-2024 11:49:21 INFO  Hooks:15 - *****************************************************************************************
12-04-2024 11:49:21 INFO  Hooks:16 - 	Scenario: To verify API response time is not less than 3 seconds
12-04-2024 11:49:21 INFO  Hooks:17 - *****************************************************************************************
12-04-2024 11:49:21 INFO  MultiCurrencyConversionStepDefinition:60 - time_last_update_utc : Fri, 12 Apr 2024 00:02:31 +0000
12-04-2024 11:49:21 INFO  MultiCurrencyConversionStepDefinition:61 - time_next_update_utc : Sat, 13 Apr 2024 00:11:41 +0000
12-04-2024 11:49:21 INFO  Hooks:15 - *****************************************************************************************
12-04-2024 11:49:21 INFO  Hooks:16 - 	Scenario: To verify that 162 currency pairs are returned by the API
12-04-2024 11:49:21 INFO  Hooks:17 - *****************************************************************************************
12-04-2024 11:49:21 INFO  Hooks:15 - *****************************************************************************************
12-04-2024 11:49:21 INFO  Hooks:16 - 	Scenario: To verify API response matches the Json schema
12-04-2024 11:49:21 INFO  Hooks:17 - *****************************************************************************************
12-04-2024 11:49:22 INFO  MultiCurrencyConversionStepDefinition:81 - Successfully Validated schema from multiCurrencySchema.json
12-04-2024 11:49:33 INFO  Hooks:15 - *****************************************************************************************
12-04-2024 11:49:33 INFO  Hooks:16 - 	Scenario: To verify API call is successful and returns valid price
12-04-2024 11:49:33 INFO  Hooks:17 - *****************************************************************************************
12-04-2024 11:49:36 INFO  Hooks:15 - *****************************************************************************************
12-04-2024 11:49:36 INFO  Hooks:16 - 	Scenario: To Check the status code and status returned by the API response
12-04-2024 11:49:36 INFO  Hooks:17 - *****************************************************************************************
12-04-2024 11:49:36 INFO  Hooks:15 - *****************************************************************************************
12-04-2024 11:49:36 INFO  Hooks:16 - 	Scenario: To verify the USD price against the AED
12-04-2024 11:49:36 INFO  Hooks:17 - *****************************************************************************************
12-04-2024 11:49:37 INFO  Hooks:15 - *****************************************************************************************
12-04-2024 11:49:37 INFO  Hooks:16 - 	Scenario: To verify API response time is not less than 3 seconds
12-04-2024 11:49:37 INFO  Hooks:17 - *****************************************************************************************
12-04-2024 11:49:37 INFO  MultiCurrencyConversionStepDefinition:60 - time_last_update_utc : Fri, 12 Apr 2024 00:02:31 +0000
12-04-2024 11:49:37 INFO  MultiCurrencyConversionStepDefinition:61 - time_next_update_utc : Sat, 13 Apr 2024 00:11:41 +0000
12-04-2024 11:49:37 INFO  Hooks:15 - *****************************************************************************************
12-04-2024 11:49:37 INFO  Hooks:16 - 	Scenario: To verify that 162 currency pairs are returned by the API
12-04-2024 11:49:37 INFO  Hooks:17 - *****************************************************************************************
12-04-2024 11:49:37 INFO  Hooks:15 - *****************************************************************************************
12-04-2024 11:49:37 INFO  Hooks:16 - 	Scenario: To verify API response matches the Json schema
12-04-2024 11:49:37 INFO  Hooks:17 - *****************************************************************************************
12-04-2024 11:49:38 INFO  MultiCurrencyConversionStepDefinition:81 - Successfully Validated schema from multiCurrencySchema.json
12-04-2024 11:51:15 INFO  Hooks:15 - *****************************************************************************************
12-04-2024 11:51:15 INFO  Hooks:16 - 	Scenario: To verify API call is successful and returns valid price
12-04-2024 11:51:15 INFO  Hooks:17 - *****************************************************************************************
12-04-2024 11:51:17 INFO  Hooks:15 - *****************************************************************************************
12-04-2024 11:51:17 INFO  Hooks:16 - 	Scenario: To Check the status code and status returned by the API response
12-04-2024 11:51:17 INFO  Hooks:17 - *****************************************************************************************
12-04-2024 11:51:18 INFO  Hooks:15 - *****************************************************************************************
12-04-2024 11:51:18 INFO  Hooks:16 - 	Scenario: To verify the USD price against the AED
12-04-2024 11:51:18 INFO  Hooks:17 - *****************************************************************************************
12-04-2024 11:51:18 INFO  Hooks:15 - *****************************************************************************************
12-04-2024 11:51:18 INFO  Hooks:16 - 	Scenario: To verify API response time is not less than 3 seconds
12-04-2024 11:51:18 INFO  Hooks:17 - *****************************************************************************************
12-04-2024 11:51:19 INFO  MultiCurrencyConversionStepDefinition:60 - time_last_update_utc : Fri, 12 Apr 2024 00:02:31 +0000
12-04-2024 11:51:19 INFO  MultiCurrencyConversionStepDefinition:61 - time_next_update_utc : Sat, 13 Apr 2024 00:11:41 +0000
12-04-2024 11:51:19 INFO  Hooks:15 - *****************************************************************************************
12-04-2024 11:51:19 INFO  Hooks:16 - 	Scenario: To verify that 162 currency pairs are returned by the API
12-04-2024 11:51:19 INFO  Hooks:17 - *****************************************************************************************
12-04-2024 11:51:19 INFO  Hooks:15 - *****************************************************************************************
12-04-2024 11:51:19 INFO  Hooks:16 - 	Scenario: To verify API response matches the Json schema
12-04-2024 11:51:19 INFO  Hooks:17 - *****************************************************************************************
12-04-2024 11:51:20 INFO  MultiCurrencyConversionStepDefinition:81 - Successfully Validated schema from multiCurrencySchema.json
12-04-2024 11:51:31 INFO  Hooks:15 - *****************************************************************************************
12-04-2024 11:51:31 INFO  Hooks:16 - 	Scenario: To verify API call is successful and returns valid price
12-04-2024 11:51:31 INFO  Hooks:17 - *****************************************************************************************
12-04-2024 11:51:34 INFO  Hooks:15 - *****************************************************************************************
12-04-2024 11:51:34 INFO  Hooks:16 - 	Scenario: To Check the status code and status returned by the API response
12-04-2024 11:51:34 INFO  Hooks:17 - *****************************************************************************************
12-04-2024 11:51:34 INFO  Hooks:15 - *****************************************************************************************
12-04-2024 11:51:34 INFO  Hooks:16 - 	Scenario: To verify the USD price against the AED
12-04-2024 11:51:34 INFO  Hooks:17 - *****************************************************************************************
12-04-2024 11:51:35 INFO  Hooks:15 - *****************************************************************************************
12-04-2024 11:51:35 INFO  Hooks:16 - 	Scenario: To verify API response time is not less than 3 seconds
12-04-2024 11:51:35 INFO  Hooks:17 - *****************************************************************************************
12-04-2024 11:51:35 INFO  MultiCurrencyConversionStepDefinition:60 - time_last_update_utc : Fri, 12 Apr 2024 00:02:31 +0000
12-04-2024 11:51:35 INFO  MultiCurrencyConversionStepDefinition:61 - time_next_update_utc : Sat, 13 Apr 2024 00:11:41 +0000
12-04-2024 11:51:35 INFO  Hooks:15 - *****************************************************************************************
12-04-2024 11:51:35 INFO  Hooks:16 - 	Scenario: To verify that 162 currency pairs are returned by the API
12-04-2024 11:51:35 INFO  Hooks:17 - *****************************************************************************************
12-04-2024 11:51:35 INFO  Hooks:15 - *****************************************************************************************
12-04-2024 11:51:35 INFO  Hooks:16 - 	Scenario: To verify API response matches the Json schema
12-04-2024 11:51:35 INFO  Hooks:17 - *****************************************************************************************
12-04-2024 11:51:36 INFO  MultiCurrencyConversionStepDefinition:81 - Successfully Validated schema from multiCurrencySchema.json
12-04-2024 11:52:56 INFO  Hooks:15 - *****************************************************************************************
12-04-2024 11:52:56 INFO  Hooks:16 - 	Scenario: To verify API call is successful and returns valid price
12-04-2024 11:52:56 INFO  Hooks:17 - *****************************************************************************************
12-04-2024 11:52:58 INFO  Hooks:15 - *****************************************************************************************
12-04-2024 11:52:58 INFO  Hooks:16 - 	Scenario: To Check the status code and status returned by the API response
12-04-2024 11:52:58 INFO  Hooks:17 - *****************************************************************************************
12-04-2024 11:52:59 INFO  Hooks:15 - *****************************************************************************************
12-04-2024 11:52:59 INFO  Hooks:16 - 	Scenario: To verify the USD price against the AED
12-04-2024 11:52:59 INFO  Hooks:17 - *****************************************************************************************
12-04-2024 11:52:59 INFO  Hooks:15 - *****************************************************************************************
12-04-2024 11:52:59 INFO  Hooks:16 - 	Scenario: To verify API response time is not less than 3 seconds
12-04-2024 11:52:59 INFO  Hooks:17 - *****************************************************************************************
12-04-2024 11:52:59 INFO  MultiCurrencyConversionStepDefinition:60 - time_last_update_utc : Fri, 12 Apr 2024 00:02:31 +0000
12-04-2024 11:52:59 INFO  MultiCurrencyConversionStepDefinition:61 - time_next_update_utc : Sat, 13 Apr 2024 00:11:41 +0000
12-04-2024 11:52:59 INFO  Hooks:15 - *****************************************************************************************
12-04-2024 11:52:59 INFO  Hooks:16 - 	Scenario: To verify that 162 currency pairs are returned by the API
12-04-2024 11:52:59 INFO  Hooks:17 - *****************************************************************************************
12-04-2024 11:52:59 INFO  Hooks:15 - *****************************************************************************************
12-04-2024 11:52:59 INFO  Hooks:16 - 	Scenario: To verify API response matches the Json schema
12-04-2024 11:52:59 INFO  Hooks:17 - *****************************************************************************************
12-04-2024 11:53:00 INFO  MultiCurrencyConversionStepDefinition:81 - Successfully Validated schema from multiCurrencySchema.json
12-04-2024 11:55:30 INFO  Hooks:15 - *****************************************************************************************
12-04-2024 11:55:30 INFO  Hooks:16 - 	Scenario: To verify API call is successful and returns valid price
12-04-2024 11:55:30 INFO  Hooks:17 - *****************************************************************************************
12-04-2024 11:55:33 INFO  Hooks:15 - *****************************************************************************************
12-04-2024 11:55:33 INFO  Hooks:16 - 	Scenario: To Check the status code and status returned by the API response
12-04-2024 11:55:33 INFO  Hooks:17 - *****************************************************************************************
12-04-2024 11:55:33 INFO  Hooks:15 - *****************************************************************************************
12-04-2024 11:55:33 INFO  Hooks:16 - 	Scenario: To verify the USD price against the AED
12-04-2024 11:55:33 INFO  Hooks:17 - *****************************************************************************************
12-04-2024 11:55:33 INFO  Hooks:15 - *****************************************************************************************
12-04-2024 11:55:33 INFO  Hooks:16 - 	Scenario: To verify API response time is not less than 3 seconds
12-04-2024 11:55:33 INFO  Hooks:17 - *****************************************************************************************
12-04-2024 11:55:33 INFO  MultiCurrencyConversionStepDefinition:60 - time_last_update_utc : Fri, 12 Apr 2024 00:02:31 +0000
12-04-2024 11:55:33 INFO  MultiCurrencyConversionStepDefinition:61 - time_next_update_utc : Sat, 13 Apr 2024 00:11:41 +0000
12-04-2024 11:55:34 INFO  Hooks:15 - *****************************************************************************************
12-04-2024 11:55:34 INFO  Hooks:16 - 	Scenario: To verify that 162 currency pairs are returned by the API
12-04-2024 11:55:34 INFO  Hooks:17 - *****************************************************************************************
12-04-2024 11:55:34 INFO  Hooks:15 - *****************************************************************************************
12-04-2024 11:55:34 INFO  Hooks:16 - 	Scenario: To verify API response matches the Json schema
12-04-2024 11:55:34 INFO  Hooks:17 - *****************************************************************************************
12-04-2024 11:55:35 INFO  MultiCurrencyConversionStepDefinition:81 - Successfully Validated schema from multiCurrencySchema.json
12-04-2024 11:57:31 INFO  Hooks:15 - *****************************************************************************************
12-04-2024 11:57:31 INFO  Hooks:16 - 	Scenario: To verify API call is successful and returns valid price
12-04-2024 11:57:31 INFO  Hooks:17 - *****************************************************************************************
12-04-2024 11:57:35 INFO  Hooks:15 - *****************************************************************************************
12-04-2024 11:57:35 INFO  Hooks:16 - 	Scenario: To Check the status code and status returned by the API response
12-04-2024 11:57:35 INFO  Hooks:17 - *****************************************************************************************
12-04-2024 11:57:35 INFO  Hooks:15 - *****************************************************************************************
12-04-2024 11:57:35 INFO  Hooks:16 - 	Scenario: To verify the USD price against the AED
12-04-2024 11:57:35 INFO  Hooks:17 - *****************************************************************************************
12-04-2024 11:57:35 INFO  Hooks:15 - *****************************************************************************************
12-04-2024 11:57:35 INFO  Hooks:16 - 	Scenario: To verify API response time is not less than 3 seconds
12-04-2024 11:57:35 INFO  Hooks:17 - *****************************************************************************************
12-04-2024 11:57:36 INFO  MultiCurrencyConversionStepDefinition:60 - time_last_update_utc : Fri, 12 Apr 2024 00:02:31 +0000
12-04-2024 11:57:36 INFO  MultiCurrencyConversionStepDefinition:61 - time_next_update_utc : Sat, 13 Apr 2024 00:11:41 +0000
12-04-2024 11:57:36 INFO  Hooks:15 - *****************************************************************************************
12-04-2024 11:57:36 INFO  Hooks:16 - 	Scenario: To verify that 162 currency pairs are returned by the API
12-04-2024 11:57:36 INFO  Hooks:17 - *****************************************************************************************
12-04-2024 11:57:36 INFO  Hooks:15 - *****************************************************************************************
12-04-2024 11:57:36 INFO  Hooks:16 - 	Scenario: To verify API response matches the Json schema
12-04-2024 11:57:36 INFO  Hooks:17 - *****************************************************************************************
12-04-2024 11:57:37 INFO  MultiCurrencyConversionStepDefinition:81 - Successfully Validated schema from multiCurrencySchema.json
12-04-2024 11:57:48 INFO  Hooks:15 - *****************************************************************************************
12-04-2024 11:57:48 INFO  Hooks:16 - 	Scenario: To verify API call is successful and returns valid price
12-04-2024 11:57:48 INFO  Hooks:17 - *****************************************************************************************
12-04-2024 11:57:51 INFO  Hooks:15 - *****************************************************************************************
12-04-2024 11:57:51 INFO  Hooks:16 - 	Scenario: To Check the status code and status returned by the API response
12-04-2024 11:57:51 INFO  Hooks:17 - *****************************************************************************************
12-04-2024 11:57:51 INFO  Hooks:15 - *****************************************************************************************
12-04-2024 11:57:51 INFO  Hooks:16 - 	Scenario: To verify the USD price against the AED
12-04-2024 11:57:51 INFO  Hooks:17 - *****************************************************************************************
12-04-2024 11:57:52 INFO  Hooks:15 - *****************************************************************************************
12-04-2024 11:57:52 INFO  Hooks:16 - 	Scenario: To verify API response time is not less than 3 seconds
12-04-2024 11:57:52 INFO  Hooks:17 - *****************************************************************************************
12-04-2024 11:57:52 INFO  MultiCurrencyConversionStepDefinition:60 - time_last_update_utc : Fri, 12 Apr 2024 00:02:31 +0000
12-04-2024 11:57:52 INFO  MultiCurrencyConversionStepDefinition:61 - time_next_update_utc : Sat, 13 Apr 2024 00:11:41 +0000
12-04-2024 11:57:52 INFO  Hooks:15 - *****************************************************************************************
12-04-2024 11:57:52 INFO  Hooks:16 - 	Scenario: To verify that 162 currency pairs are returned by the API
12-04-2024 11:57:52 INFO  Hooks:17 - *****************************************************************************************
12-04-2024 11:57:52 INFO  Hooks:15 - *****************************************************************************************
12-04-2024 11:57:52 INFO  Hooks:16 - 	Scenario: To verify API response matches the Json schema
12-04-2024 11:57:52 INFO  Hooks:17 - *****************************************************************************************
12-04-2024 11:57:53 INFO  MultiCurrencyConversionStepDefinition:81 - Successfully Validated schema from multiCurrencySchema.json
12-04-2024 12:12:11 INFO  Hooks:15 - *****************************************************************************************
12-04-2024 12:12:11 INFO  Hooks:16 - 	Scenario: To verify API call is successful and returns valid price
12-04-2024 12:12:11 INFO  Hooks:17 - *****************************************************************************************
12-04-2024 12:12:13 INFO  Hooks:15 - *****************************************************************************************
12-04-2024 12:12:13 INFO  Hooks:16 - 	Scenario: To Check the status code and status returned by the API response
12-04-2024 12:12:13 INFO  Hooks:17 - *****************************************************************************************
12-04-2024 12:12:13 INFO  Hooks:15 - *****************************************************************************************
12-04-2024 12:12:13 INFO  Hooks:16 - 	Scenario: To verify the USD price against the AED
12-04-2024 12:12:13 INFO  Hooks:17 - *****************************************************************************************
12-04-2024 12:12:14 INFO  Hooks:15 - *****************************************************************************************
12-04-2024 12:12:14 INFO  Hooks:16 - 	Scenario: To verify API response time is not less than 3 seconds
12-04-2024 12:12:14 INFO  Hooks:17 - *****************************************************************************************
12-04-2024 12:12:14 INFO  MultiCurrencyConversionStepDefinition:60 - time_last_update_utc : Fri, 12 Apr 2024 00:02:31 +0000
12-04-2024 12:12:14 INFO  MultiCurrencyConversionStepDefinition:61 - time_next_update_utc : Sat, 13 Apr 2024 00:11:41 +0000
12-04-2024 12:12:14 INFO  Hooks:15 - *****************************************************************************************
12-04-2024 12:12:14 INFO  Hooks:16 - 	Scenario: To verify that 162 currency pairs are returned by the API
12-04-2024 12:12:14 INFO  Hooks:17 - *****************************************************************************************
12-04-2024 12:12:14 INFO  Hooks:15 - *****************************************************************************************
12-04-2024 12:12:14 INFO  Hooks:16 - 	Scenario: To verify API response matches the Json schema
12-04-2024 12:12:14 INFO  Hooks:17 - *****************************************************************************************
12-04-2024 12:12:15 INFO  MultiCurrencyConversionStepDefinition:81 - Successfully Validated schema from multiCurrencySchema.json
12-04-2024 12:12:26 INFO  Hooks:15 - *****************************************************************************************
12-04-2024 12:12:26 INFO  Hooks:16 - 	Scenario: To verify API call is successful and returns valid price
12-04-2024 12:12:26 INFO  Hooks:17 - *****************************************************************************************
12-04-2024 12:12:29 INFO  Hooks:15 - *****************************************************************************************
12-04-2024 12:12:29 INFO  Hooks:16 - 	Scenario: To Check the status code and status returned by the API response
12-04-2024 12:12:29 INFO  Hooks:17 - *****************************************************************************************
12-04-2024 12:12:29 INFO  Hooks:15 - *****************************************************************************************
12-04-2024 12:12:29 INFO  Hooks:16 - 	Scenario: To verify the USD price against the AED
12-04-2024 12:12:29 INFO  Hooks:17 - *****************************************************************************************
12-04-2024 12:12:29 INFO  Hooks:15 - *****************************************************************************************
12-04-2024 12:12:29 INFO  Hooks:16 - 	Scenario: To verify API response time is not less than 3 seconds
12-04-2024 12:12:29 INFO  Hooks:17 - *****************************************************************************************
12-04-2024 12:12:30 INFO  MultiCurrencyConversionStepDefinition:60 - time_last_update_utc : Fri, 12 Apr 2024 00:02:31 +0000
12-04-2024 12:12:30 INFO  MultiCurrencyConversionStepDefinition:61 - time_next_update_utc : Sat, 13 Apr 2024 00:11:41 +0000
12-04-2024 12:12:30 INFO  Hooks:15 - *****************************************************************************************
12-04-2024 12:12:30 INFO  Hooks:16 - 	Scenario: To verify that 162 currency pairs are returned by the API
12-04-2024 12:12:30 INFO  Hooks:17 - *****************************************************************************************
12-04-2024 12:12:30 INFO  Hooks:15 - *****************************************************************************************
12-04-2024 12:12:30 INFO  Hooks:16 - 	Scenario: To verify API response matches the Json schema
12-04-2024 12:12:30 INFO  Hooks:17 - *****************************************************************************************
12-04-2024 12:12:31 INFO  MultiCurrencyConversionStepDefinition:81 - Successfully Validated schema from multiCurrencySchema.json
12-04-2024 12:17:56 INFO  Hooks:15 - *****************************************************************************************
12-04-2024 12:17:56 INFO  Hooks:16 - 	Scenario: To verify API call is successful and returns valid price
12-04-2024 12:17:56 INFO  Hooks:17 - *****************************************************************************************
12-04-2024 12:17:58 INFO  Hooks:15 - *****************************************************************************************
12-04-2024 12:17:58 INFO  Hooks:16 - 	Scenario: To Check the status code and status returned by the API response
12-04-2024 12:17:58 INFO  Hooks:17 - *****************************************************************************************
12-04-2024 12:17:58 INFO  Hooks:15 - *****************************************************************************************
12-04-2024 12:17:58 INFO  Hooks:16 - 	Scenario: To verify the USD price against the AED
12-04-2024 12:17:58 INFO  Hooks:17 - *****************************************************************************************
12-04-2024 12:17:59 INFO  Hooks:15 - *****************************************************************************************
12-04-2024 12:17:59 INFO  Hooks:16 - 	Scenario: To verify API response time is not less than 3 seconds
12-04-2024 12:17:59 INFO  Hooks:17 - *****************************************************************************************
12-04-2024 12:17:59 INFO  MultiCurrencyConversionStepDefinition:60 - time_last_update_utc : Fri, 12 Apr 2024 00:02:31 +0000
12-04-2024 12:17:59 INFO  MultiCurrencyConversionStepDefinition:61 - time_next_update_utc : Sat, 13 Apr 2024 00:11:41 +0000
12-04-2024 12:17:59 INFO  Hooks:15 - *****************************************************************************************
12-04-2024 12:17:59 INFO  Hooks:16 - 	Scenario: To verify that 162 currency pairs are returned by the API
12-04-2024 12:17:59 INFO  Hooks:17 - *****************************************************************************************
12-04-2024 12:17:59 INFO  Hooks:15 - *****************************************************************************************
12-04-2024 12:17:59 INFO  Hooks:16 - 	Scenario: To verify API response matches the Json schema
12-04-2024 12:17:59 INFO  Hooks:17 - *****************************************************************************************
12-04-2024 12:18:00 INFO  MultiCurrencyConversionStepDefinition:81 - Successfully Validated schema from multiCurrencySchema.json
12-04-2024 14:09:20 INFO  Hooks:15 - *****************************************************************************************
12-04-2024 14:09:20 INFO  Hooks:16 - 	Scenario: To verify API call is successful and returns valid price
12-04-2024 14:09:20 INFO  Hooks:17 - *****************************************************************************************
12-04-2024 14:09:23 INFO  Hooks:15 - *****************************************************************************************
12-04-2024 14:09:23 INFO  Hooks:16 - 	Scenario: To Check the status code and status returned by the API response
12-04-2024 14:09:23 INFO  Hooks:17 - *****************************************************************************************
12-04-2024 14:09:23 INFO  Hooks:15 - *****************************************************************************************
12-04-2024 14:09:23 INFO  Hooks:16 - 	Scenario: To verify the USD price against the AED
12-04-2024 14:09:23 INFO  Hooks:17 - *****************************************************************************************
12-04-2024 14:09:23 INFO  Hooks:15 - *****************************************************************************************
12-04-2024 14:09:23 INFO  Hooks:16 - 	Scenario: To verify API response time is not less than 3 seconds
12-04-2024 14:09:23 INFO  Hooks:17 - *****************************************************************************************
12-04-2024 14:09:24 INFO  MultiCurrencyConversionStepDefinition:60 - time_last_update_utc : Fri, 12 Apr 2024 00:02:31 +0000
12-04-2024 14:09:24 INFO  MultiCurrencyConversionStepDefinition:61 - time_next_update_utc : Sat, 13 Apr 2024 00:15:41 +0000
12-04-2024 14:09:24 INFO  Hooks:15 - *****************************************************************************************
12-04-2024 14:09:24 INFO  Hooks:16 - 	Scenario: To verify that 162 currency pairs are returned by the API
12-04-2024 14:09:24 INFO  Hooks:17 - *****************************************************************************************
12-04-2024 14:09:24 INFO  Hooks:15 - *****************************************************************************************
12-04-2024 14:09:24 INFO  Hooks:16 - 	Scenario: To verify API response matches the Json schema
12-04-2024 14:09:24 INFO  Hooks:17 - *****************************************************************************************
12-04-2024 14:09:25 INFO  MultiCurrencyConversionStepDefinition:81 - Successfully Validated schema from multiCurrencySchema.json
12-04-2024 14:17:39 INFO  Hooks:21 - *****************************************************************************************
12-04-2024 14:17:39 INFO  Hooks:22 - 	Scenario: To verify API call is successful and returns valid price
12-04-2024 14:17:39 INFO  Hooks:23 - *****************************************************************************************
12-04-2024 14:17:41 INFO  Hooks:21 - *****************************************************************************************
12-04-2024 14:17:41 INFO  Hooks:22 - 	Scenario: To Check the status code and status returned by the API response
12-04-2024 14:17:41 INFO  Hooks:23 - *****************************************************************************************
12-04-2024 14:17:42 INFO  Hooks:21 - *****************************************************************************************
12-04-2024 14:17:42 INFO  Hooks:22 - 	Scenario: To verify the USD price against the AED
12-04-2024 14:17:42 INFO  Hooks:23 - *****************************************************************************************
12-04-2024 14:17:42 INFO  Hooks:21 - *****************************************************************************************
12-04-2024 14:17:42 INFO  Hooks:22 - 	Scenario: To verify API response time is not less than 3 seconds
12-04-2024 14:17:42 INFO  Hooks:23 - *****************************************************************************************
12-04-2024 14:17:42 INFO  MultiCurrencyConversionStepDefinition:66 - time_last_update_utc : Fri, 12 Apr 2024 00:02:31 +0000
12-04-2024 14:17:42 INFO  MultiCurrencyConversionStepDefinition:67 - time_next_update_utc : Sat, 13 Apr 2024 00:15:41 +0000
12-04-2024 14:17:42 INFO  Hooks:21 - *****************************************************************************************
12-04-2024 14:17:42 INFO  Hooks:22 - 	Scenario: To verify that 162 currency pairs are returned by the API
12-04-2024 14:17:42 INFO  Hooks:23 - *****************************************************************************************
12-04-2024 14:17:42 INFO  Hooks:21 - *****************************************************************************************
12-04-2024 14:17:42 INFO  Hooks:22 - 	Scenario: To verify API response matches the Json schema
12-04-2024 14:17:42 INFO  Hooks:23 - *****************************************************************************************
12-04-2024 14:17:43 INFO  MultiCurrencyConversionStepDefinition:87 - Successfully Validated schema from multiCurrencySchema.json
